  Source.cpp
Source.cpp(131): warning C4305: 'argument': truncation from 'int' to 'Uint8'
Source.cpp(131): warning C4309: 'argument': truncation of constant value
Source.cpp(135): warning C4305: 'argument': truncation from 'int' to 'Uint8'
Source.cpp(135): warning C4309: 'argument': truncation of constant value
Source.obj : error LNK2001: unresolved external symbol _SDL_GetKeyboardState
Source.obj : error LNK2001: unresolved external symbol _SDL_RenderClear
Source.obj : error LNK2001: unresolved external symbol _SDL_Init
Source.obj : error LNK2001: unresolved external symbol _SDL_DestroyWindow
Source.obj : error LNK2001: unresolved external symbol _SDL_RenderDrawRect
Source.obj : error LNK2001: unresolved external symbol _SDL_Quit
Source.obj : error LNK2001: unresolved external symbol _SDL_Delay
Source.obj : error LNK2001: unresolved external symbol _SDL_PollEvent
Source.obj : error LNK2001: unresolved external symbol _SDL_CreateRenderer
Source.obj : error LNK2001: unresolved external symbol _SDL_RenderPresent
Source.obj : error LNK2001: unresolved external symbol _SDL_RenderFillRect
Source.obj : error LNK2001: unresolved external symbol _SDL_CreateWindow
Source.obj : error LNK2001: unresolved external symbol _SDL_SetRenderDrawColor
MSVCRT.lib(exe_winmain.obj) : error LNK2001: unresolved external symbol _WinMain@16
C:\Users\andressp2\MyAwesomeGame\AndroDunosDemos\red rectangle\Release\red rectangle.exe : fatal error LNK1120: 14 unresolved externals
